<?xml version="1.0" encoding="UTF-8"?>
<!-- Generated by org.testng.reporters.JUnitReportReporter -->
<testsuite hostname="DESKTOP-4MSVC5H" failures="0" tests="1" name="tests.TestLogin" time="0.919" errors="0" timestamp="2023-05-29T12:19:27 IST" skipped="0">
  <testcase classname="tests.TestLogin" name="test_HomePage_Appear_Correct" time="0.919"/>
  <system-out/>
</testsuite> <!-- tests.TestLogin -->
