<?xml version="1.0" encoding="UTF-8"?>
<!-- Generated by org.testng.reporters.JUnitReportReporter -->
<testsuite hostname="DESKTOP-4MSVC5H" failures="0" tests="1" name="tests.NoPOMTest" time="4.564" errors="0" timestamp="2023-05-29T11:45:09 IST" skipped="0">
  <testcase classname="tests.NoPOMTest" name="test_HomePage_Appear_Correct" time="4.564"/>
  <system-out/>
</testsuite> <!-- tests.NoPOMTest -->
