<?xml version="1.0" encoding="UTF-8"?>
<!-- Generated by org.testng.reporters.JUnitReportReporter -->
<testsuite hostname="DESKTOP-4MSVC5H" failures="0" tests="1" name="tests.TestLoginWithPageFactory" time="0.916" errors="0" timestamp="2023-05-29T13:20:49 IST" skipped="0">
  <testcase classname="tests.TestLoginWithPageFactory" name="test_HomePage_Appear_Correct" time="0.916"/>
  <system-out/>
</testsuite> <!-- tests.TestLoginWithPageFactory -->
